2021-02-19T07:09:32.297170+00:00 app[web.1]: D, [2021-02-19T16:09:32.297100 #4] DEBUG -- : [184efaef-da71-4169-9561-fe69b11ebb9d]   [1m[36mCACHE Motouke Load (0.0ms)[0m  [1m[34mSELECT  "motoukes".* FROM "motoukes" WHERE "motoukes"."id" = $1 LIMIT $2[0m  [["id", 16], ["LIMIT", 1]]
2021-02-19T07:09:32.299496+00:00 app[web.1]: D, [2021-02-19T16:09:32.299423 #4] DEBUG -- : [184efaef-da71-4169-9561-fe69b11ebb9d]   [1m[36mEnduser Load (1.2ms)[0m  [1m[34mSELECT  "endusers".* FROM "endusers" WHERE "endusers"."id" = $1 LIMIT $2[0m  [["id", 866], ["LIMIT", 1]]
2021-02-19T07:09:32.300233+00:00 app[web.1]: D, [2021-02-19T16:09:32.300162 #4] DEBUG -- : [184efaef-da71-4169-9561-fe69b11ebb9d]   [1m[36mCACHE Motouke Load (0.0ms)[0m  [1m[34mSELECT  "motoukes".* FROM "motoukes" WHERE "motoukes"."id" = $1 LIMIT $2[0m  [["id", 1], ["LIMIT", 1]]
2021-02-19T07:09:32.302447+00:00 app[web.1]: D, [2021-02-19T16:09:32.302376 #4] DEBUG -- : [184efaef-da71-4169-9561-fe69b11ebb9d]   [1m[36mEnduser Load (1.1ms)[0m  [1m[34mSELECT  "endusers".* FROM "endusers" WHERE "endusers"."id" = $1 LIMIT $2[0m  [["id", 1799], ["LIMIT", 1]]
2021-02-19T07:09:32.303373+00:00 app[web.1]: D, [2021-02-19T16:09:32.303250 #4] DEBUG -- : [184efaef-da71-4169-9561-fe69b11ebb9d]   [1m[36mCACHE Motouke Load (0.0ms)[0m  [1m[34mSELECT  "motoukes".* FROM "motoukes" WHERE "motoukes"."id" = $1 LIMIT $2[0m  [["id", 1], ["LIMIT", 1]]
2021-02-19T07:09:32.304845+00:00 app[web.1]: D, [2021-02-19T16:09:32.304776 #4] DEBUG -- : [184efaef-da71-4169-9561-fe69b11ebb9d]   [1m[36mCACHE Enduser Load (0.0ms)[0m  [1m[34mSELECT  "endusers".* FROM "endusers" WHERE "endusers"."id" = $1 LIMIT $2[0m  [["id", 1185], ["LIMIT", 1]]
2021-02-19T07:09:32.306635+00:00 app[web.1]: D, [2021-02-19T16:09:32.306551 #4] DEBUG -- : [184efaef-da71-4169-9561-fe69b11ebb9d]   [1m[36mCACHE Motouke Load (0.0ms)[0m  [1m[34mSELECT  "motoukes".* FROM "motoukes" WHERE "motoukes"."id" = $1 LIMIT $2[0m  [["id", 1], ["LIMIT", 1]]
2021-02-19T07:09:32.309045+00:00 app[web.1]: D, [2021-02-19T16:09:32.308973 #4] DEBUG -- : [184efaef-da71-4169-9561-fe69b11ebb9d]   [1m[36mEnduser Load (1.1ms)[0m  [1m[34mSELECT  "endusers".* FROM "endusers" WHERE "endusers"."id" = $1 LIMIT $2[0m  [["id", 1391], ["LIMIT", 1]]
2021-02-19T07:09:32.309742+00:00 app[web.1]: D, [2021-02-19T16:09:32.309671 #4] DEBUG -- : [184efaef-da71-4169-9561-fe69b11ebb9d]   [1m[36mCACHE Motouke Load (0.0ms)[0m  [1m[34mSELECT  "motoukes".* FROM "motoukes" WHERE "motoukes"."id" = $1 LIMIT $2[0m  [["id", 1], ["LIMIT", 1]]
2021-02-19T07:09:32.315218+00:00 app[web.1]: D, [2021-02-19T16:09:32.313186 #4] DEBUG -- : [184efaef-da71-4169-9561-fe69b11ebb9d]   [1m[36mEnduser Load (1.2ms)[0m  [1m[34mSELECT  "endusers".* FROM "endusers" WHERE "endusers"."id" = $1 LIMIT $2[0m  [["id", 1301], ["LIMIT", 1]]
2021-02-19T07:09:32.315219+00:00 app[web.1]: D, [2021-02-19T16:09:32.314371 #4] DEBUG -- : [184efaef-da71-4169-9561-fe69b11ebb9d]   [1m[36mCACHE Motouke Load (0.0ms)[0m  [1m[34mSELECT  "motoukes".* FROM "motoukes" WHERE "motoukes"."id" = $1 LIMIT $2[0m  [["id", 1], ["LIMIT", 1]]
2021-02-19T07:09:32.317871+00:00 app[web.1]: D, [2021-02-19T16:09:32.317786 #4] DEBUG -- : [184efaef-da71-4169-9561-fe69b11ebb9d]   [1m[36mEnduser Load (1.4ms)[0m  [1m[34mSELECT  "endusers".* FROM "endusers" WHERE "endusers"."id" = $1 LIMIT $2[0m  [["id", 946], ["LIMIT", 1]]
2021-02-19T07:09:32.319292+00:00 app[web.1]: D, [2021-02-19T16:09:32.319213 #4] DEBUG -- : [184efaef-da71-4169-9561-fe69b11ebb9d]   [1m[36mCACHE Motouke Load (0.0ms)[0m  [1m[34mSELECT  "motoukes".* FROM "motoukes" WHERE "motoukes"."id" = $1 LIMIT $2[0m  [["id", 1], ["LIMIT", 1]]
2021-02-19T07:09:32.320352+00:00 app[web.1]: I, [2021-02-19T16:09:32.320215 #4]  INFO -- : [184efaef-da71-4169-9561-fe69b11ebb9d]   Rendered tasks/index.html.slim within layouts/application (253.6ms)
2021-02-19T07:09:32.322437+00:00 app[web.1]: I, [2021-02-19T16:09:32.322360 #4]  INFO -- : [184efaef-da71-4169-9561-fe69b11ebb9d] Completed 200 OK in 262ms (Views: 195.8ms | ActiveRecord: 61.7ms)
2021-02-19T07:09:32.329322+00:00 heroku[router]: at=info method=GET path="/tasks" host=nsk-syougai-info.herokuapp.com request_id=184efaef-da71-4169-9561-fe69b11ebb9d fwd="180.147.161.148" dyno=web.1 connect=1ms service=272ms status=200 bytes=93288 protocol=https
2021-02-19T07:09:32.551038+00:00 heroku[router]: at=info method=GET path="/assets/application-648a5924ec9021a949d6a5b9f24edd69a481d85e6f4a89f63365b671436fa330.css" host=nsk-syougai-info.herokuapp.com request_id=009dc699-4ca3-41a9-b41e-94631b916e60 fwd="180.147.161.148" dyno=web.1 connect=0ms service=1ms status=304 bytes=48 protocol=https
2021-02-19T07:09:32.552516+00:00 heroku[router]: at=info method=GET path="/assets/application-e5a578e1bc1855bac25ebe6cbebe4e070f15a3a7c70a621cc49ff842d0257da4.js" host=nsk-syougai-info.herokuapp.com request_id=1f26319c-a96b-4138-847b-1c31edc2d40c fwd="180.147.161.148" dyno=web.1 connect=1ms service=2ms status=304 bytes=48 protocol=https
2021-02-19T07:09:32.798830+00:00 heroku[router]: at=info method=GET path="/assets/font-awesome/fa-regular-400-86e496b536b26ba60cdb68df9dd9143b19a63b65e30e373b0321833aab1295d6.woff2" host=nsk-syougai-info.herokuapp.com request_id=b722b2dd-a10b-4e40-94cb-99702f8f0c2a fwd="180.147.161.148" dyno=web.1 connect=1ms service=1ms status=304 bytes=48 protocol=https
2021-02-19T07:09:32.803026+00:00 heroku[router]: at=info method=GET path="/assets/font-awesome/fa-solid-900-787d76ad6deab67ccf8bac1b584260205e114f508fc5542b612e3f75d49a34e4.woff2" host=nsk-syougai-info.herokuapp.com request_id=51df941f-aa2d-48a1-8790-b8eb74ad8d81 fwd="180.147.161.148" dyno=web.1 connect=6ms service=1ms status=304 bytes=48 protocol=https
2021-02-19T07:09:34.735682+00:00 app[web.1]: I, [2021-02-19T16:09:34.735560 #4]  INFO -- : [b6f6e469-d924-4d19-9d1b-328fd9424216] Started GET "/tasks/graph2" for 180.147.161.148 at 2021-02-19 16:09:34 +0900
2021-02-19T07:09:34.736672+00:00 app[web.1]: I, [2021-02-19T16:09:34.736573 #4]  INFO -- : [b6f6e469-d924-4d19-9d1b-328fd9424216] Processing by TasksController#graph2 as HTML
2021-02-19T07:09:34.740901+00:00 app[web.1]: D, [2021-02-19T16:09:34.740803 #4] DEBUG -- : [b6f6e469-d924-4d19-9d1b-328fd9424216]   [1m[36mUser Load (1.2ms)[0m  [1m[34mSELECT  "users".* FROM "users" WHERE "users"."id" = $1 LIMIT $2[0m  [["id", 3], ["LIMIT", 1]]
2021-02-19T07:09:34.743856+00:00 app[web.1]: D, [2021-02-19T16:09:34.743763 #4] DEBUG -- : [b6f6e469-d924-4d19-9d1b-328fd9424216]   [1m[35m (2.3ms)[0m  [1m[34mSelect en.enduser_nm As enduser_nm_gr, Count(en.enduser_nm) As enduser_nm_cn From tasks As ta Left Join endusers As en On ta.enduser_id = en.id Where (en.enduser_nm is not null) Group by enduser_nm_gr Order by enduser_nm_cn DESC[0m
2021-02-19T07:09:34.744998+00:00 app[web.1]: I, [2021-02-19T16:09:34.744921 #4]  INFO -- : [b6f6e469-d924-4d19-9d1b-328fd9424216]   Rendering tasks/graph2.html.slim within layouts/application
2021-02-19T07:09:34.748887+00:00 app[web.1]: I, [2021-02-19T16:09:34.748798 #4]  INFO -- : [b6f6e469-d924-4d19-9d1b-328fd9424216]   Rendered tasks/graph2.html.slim within layouts/application (3.8ms)
2021-02-19T07:09:34.750338+00:00 app[web.1]: I, [2021-02-19T16:09:34.750268 #4]  INFO -- : [b6f6e469-d924-4d19-9d1b-328fd9424216] Completed 200 OK in 14ms (Views: 5.5ms | ActiveRecord: 3.5ms)
2021-02-19T07:09:34.752084+00:00 heroku[router]: at=info method=GET path="/tasks/graph2" host=nsk-syougai-info.herokuapp.com request_id=b6f6e469-d924-4d19-9d1b-328fd9424216 fwd="180.147.161.148" dyno=web.1 connect=0ms service=19ms status=200 bytes=4501 protocol=https
2021-02-19T07:12:56.801126+00:00 app[web.1]: I, [2021-02-19T16:12:56.800988 #4]  INFO -- : [2c1e2f04-9f75-47e7-aa7a-141546c98a2a] Started GET "/tasks/graph1" for 180.147.161.148 at 2021-02-19 16:12:56 +0900
2021-02-19T07:12:56.802502+00:00 app[web.1]: I, [2021-02-19T16:12:56.802430 #4]  INFO -- : [2c1e2f04-9f75-47e7-aa7a-141546c98a2a] Processing by TasksController#graph1 as HTML
2021-02-19T07:12:56.807212+00:00 app[web.1]: D, [2021-02-19T16:12:56.807103 #4] DEBUG -- : [2c1e2f04-9f75-47e7-aa7a-141546c98a2a]   [1m[36mUser Load (1.4ms)[0m  [1m[34mSELECT  "users".* FROM "users" WHERE "users"."id" = $1 LIMIT $2[0m  [["id", 3], ["LIMIT", 1]]
2021-02-19T07:12:56.811690+00:00 app[web.1]: D, [2021-02-19T16:12:56.811577 #4] DEBUG -- : [2c1e2f04-9f75-47e7-aa7a-141546c98a2a]   [1m[35m (2.2ms)[0m  [1m[34mSelect to_char(renraku_d, 'YYYY/MM') As renraku_ym, Count(to_char(renraku_d, 'YYYY/MM')) As renraku_cn From tasks Where (renraku_d is not null) Group by renraku_ym Order by renraku_ym[0m
2021-02-19T07:12:56.812738+00:00 app[web.1]: I, [2021-02-19T16:12:56.812660 #4]  INFO -- : [2c1e2f04-9f75-47e7-aa7a-141546c98a2a]   Rendering tasks/graph1.html.slim within layouts/application
2021-02-19T07:12:56.813502+00:00 app[web.1]: I, [2021-02-19T16:12:56.813433 #4]  INFO -- : [2c1e2f04-9f75-47e7-aa7a-141546c98a2a]   Rendered tasks/graph1.html.slim within layouts/application (0.6ms)
2021-02-19T07:12:56.816130+00:00 app[web.1]: I, [2021-02-19T16:12:56.816051 #4]  INFO -- : [2c1e2f04-9f75-47e7-aa7a-141546c98a2a] Completed 200 OK in 13ms (Views: 3.8ms | ActiveRecord: 3.6ms)
2021-02-19T07:12:56.818753+00:00 heroku[router]: at=info method=GET path="/tasks/graph1" host=nsk-syougai-info.herokuapp.com request_id=2c1e2f04-9f75-47e7-aa7a-141546c98a2a fwd="180.147.161.148" dyno=web.1 connect=0ms service=19ms status=200 bytes=3465 protocol=https
2021-02-19T07:14:22.121246+00:00 app[web.1]: I, [2021-02-19T16:14:22.121123 #4]  INFO -- : [50478c87-b595-494a-84ab-d52f73266bfc] Started GET "/tasks" for 180.147.161.148 at 2021-02-19 16:14:22 +0900
2021-02-19T07:14:22.122139+00:00 app[web.1]: I, [2021-02-19T16:14:22.122068 #4]  INFO -- : [50478c87-b595-494a-84ab-d52f73266bfc] Processing by TasksController#index as HTML
2021-02-19T07:14:22.125961+00:00 app[web.1]: D, [2021-02-19T16:14:22.125876 #4] DEBUG -- : [50478c87-b595-494a-84ab-d52f73266bfc]   [1m[36mUser Load (1.3ms)[0m  [1m[34mSELECT  "users".* FROM "users" WHERE "users"."id" = $1 LIMIT $2[0m  [["id", 3], ["LIMIT", 1]]
2021-02-19T07:14:22.129191+00:00 app[web.1]: I, [2021-02-19T16:14:22.129109 #4]  INFO -- : [50478c87-b595-494a-84ab-d52f73266bfc]   Rendering tasks/index.html.slim within layouts/application
2021-02-19T07:14:22.146058+00:00 app[web.1]: D, [2021-02-19T16:14:22.145915 #4] DEBUG -- : [50478c87-b595-494a-84ab-d52f73266bfc]   [1m[36mEnduser Load (9.8ms)[0m  [1m[34mSELECT "endusers".* FROM "endusers" WHERE (enduser_cd >= 1000)[0m
2021-02-19T07:14:22.271767+00:00 app[web.1]: D, [2021-02-19T16:14:22.271642 #4] DEBUG -- : [50478c87-b595-494a-84ab-d52f73266bfc]   [1m[36mMotouke Load (1.6ms)[0m  [1m[34mSELECT "motoukes".* FROM "motoukes"[0m
2021-02-19T07:14:22.289402+00:00 app[web.1]: D, [2021-02-19T16:14:22.289185 #4] DEBUG -- : [50478c87-b595-494a-84ab-d52f73266bfc]   [1m[35m (4.6ms)[0m  [1m[34mSELECT COUNT(*) FROM (SELECT DISTINCT tasks.*, endusers.enduser_nm, motoukes.motouke_nm, userkeys.userkey_cd, userkeys.userkey_nm, users.name, users.name_id FROM "tasks" INNER JOIN "endusers" ON "endusers"."id" = "tasks"."enduser_id" INNER JOIN "motoukes" ON "motoukes"."id" = "tasks"."motouke_id" INNER JOIN "userkeys" ON "userkeys"."id" = "tasks"."userkey_id" INNER JOIN "users" ON "users"."id" = "tasks"."user_id" WHERE "tasks"."del_flg" = $1) subquery_for_count[0m  [["del_flg", 0]]
2021-02-19T07:14:22.302655+00:00 app[web.1]: D, [2021-02-19T16:14:22.302540 #4] DEBUG -- : [50478c87-b595-494a-84ab-d52f73266bfc]   [1m[35m (4.7ms)[0m  [1m[34mSELECT COUNT(*) FROM (SELECT  DISTINCT tasks.*, endusers.enduser_nm, motoukes.motouke_nm, userkeys.userkey_cd, userkeys.userkey_nm, users.name, users.name_id FROM "tasks" INNER JOIN "endusers" ON "endusers"."id" = "tasks"."enduser_id" INNER JOIN "motoukes" ON "motoukes"."id" = "tasks"."motouke_id" INNER JOIN "userkeys" ON "userkeys"."id" = "tasks"."userkey_id" INNER JOIN "users" ON "users"."id" = "tasks"."user_id" WHERE "tasks"."del_flg" = $1 ORDER BY "tasks"."renraku_d" DESC, "tasks"."renraku_t" DESC, "tasks"."id" DESC LIMIT $2 OFFSET $3) subquery_for_count[0m  [["del_flg", 0], ["LIMIT", 20], ["OFFSET", 0]]
2021-02-19T07:14:22.309991+00:00 app[web.1]: D, [2021-02-19T16:14:22.309879 #4] DEBUG -- : [50478c87-b595-494a-84ab-d52f73266bfc]   [1m[36mTask Load (5.5ms)[0m  [1m[34mSELECT  DISTINCT tasks.*, endusers.enduser_nm, motoukes.motouke_nm, userkeys.userkey_cd, userkeys.userkey_nm, users.name, users.name_id FROM "tasks" INNER JOIN "endusers" ON "endusers"."id" = "tasks"."enduser_id" INNER JOIN "motoukes" ON "motoukes"."id" = "tasks"."motouke_id" INNER JOIN "userkeys" ON "userkeys"."id" = "tasks"."userkey_id" INNER JOIN "users" ON "users"."id" = "tasks"."user_id" WHERE "tasks"."del_flg" = $1 ORDER BY "tasks"."renraku_d" DESC, "tasks"."renraku_t" DESC, "tasks"."id" DESC LIMIT $2 OFFSET $3[0m  [["del_flg", 0], ["LIMIT", 20], ["OFFSET", 0]]
2021-02-19T07:14:22.337787+00:00 app[web.1]: D, [2021-02-19T16:14:22.337659 #4] DEBUG -- : [50478c87-b595-494a-84ab-d52f73266bfc]   [1m[36mEnduser Load (2.5ms)[0m  [1m[34mSELECT  "endusers".* FROM "endusers" WHERE "endusers"."id" = $1 LIMIT $2[0m  [["id", 1212], ["LIMIT", 1]]
2021-02-19T07:14:22.344446+00:00 app[web.1]: D, [2021-02-19T16:14:22.344246 #4] DEBUG -- : [50478c87-b595-494a-84ab-d52f73266bfc]   [1m[36mMotouke Load (2.3ms)[0m  [1m[34mSELECT  "motoukes".* FROM "motoukes" WHERE "motoukes"."id" = $1 LIMIT $2[0m  [["id", 1], ["LIMIT", 1]]
2021-02-19T07:14:22.350831+00:00 app[web.1]: D, [2021-02-19T16:14:22.350755 #4] DEBUG -- : [50478c87-b595-494a-84ab-d52f73266bfc]   [1m[36mCACHE Enduser Load (0.0ms)[0m  [1m[34mSELECT  "endusers".* FROM "endusers" WHERE "endusers"."id" = $1 LIMIT $2[0m  [["id", 1212], ["LIMIT", 1]]
2021-02-19T07:14:22.361058+00:00 app[web.1]: D, [2021-02-19T16:14:22.360943 #4] DEBUG -- : [50478c87-b595-494a-84ab-d52f73266bfc]   [1m[36mCACHE Motouke Load (0.0ms)[0m  [1m[34mSELECT  "motoukes".* FROM "motoukes" WHERE "motoukes"."id" = $1 LIMIT $2[0m  [["id", 1], ["LIMIT", 1]]
2021-02-19T07:14:22.375509+00:00 app[web.1]: D, [2021-02-19T16:14:22.375386 #4] DEBUG -- : [50478c87-b595-494a-84ab-d52f73266bfc]   [1m[36mEnduser Load (8.1ms)[0m  [1m[34mSELECT  "endusers".* FROM "endusers" WHERE "endusers"."id" = $1 LIMIT $2[0m  [["id", 1304], ["LIMIT", 1]]
2021-02-19T07:14:22.377461+00:00 app[web.1]: D, [2021-02-19T16:14:22.377378 #4] DEBUG -- : [50478c87-b595-494a-84ab-d52f73266bfc]   [1m[36mCACHE Motouke Load (0.0ms)[0m  [1m[34mSELECT  "motoukes".* FROM "motoukes" WHERE "motoukes"."id" = $1 LIMIT $2[0m  [["id", 1], ["LIMIT", 1]]
2021-02-19T07:14:22.383936+00:00 app[web.1]: D, [2021-02-19T16:14:22.383827 #4] DEBUG -- : [50478c87-b595-494a-84ab-d52f73266bfc]   [1m[36mEnduser Load (1.4ms)[0m  [1m[34mSELECT  "endusers".* FROM "endusers" WHERE "endusers"."id" = $1 LIMIT $2[0m  [["id", 883], ["LIMIT", 1]]
2021-02-19T07:14:22.386928+00:00 app[web.1]: D, [2021-02-19T16:14:22.386844 #4] DEBUG -- : [50478c87-b595-494a-84ab-d52f73266bfc]   [1m[36mMotouke Load (1.2ms)[0m  [1m[34mSELECT  "motoukes".* FROM "motoukes" WHERE "motoukes"."id" = $1 LIMIT $2[0m  [["id", 21], ["LIMIT", 1]]
2021-02-19T07:14:22.390286+00:00 app[web.1]: D, [2021-02-19T16:14:22.390183 #4] DEBUG -- : [50478c87-b595-494a-84ab-d52f73266bfc]   [1m[36mEnduser Load (1.2ms)[0m  [1m[34mSELECT  "endusers".* FROM "endusers" WHERE "endusers"."id" = $1 LIMIT $2[0m  [["id", 904], ["LIMIT", 1]]
2021-02-19T07:14:22.393614+00:00 app[web.1]: D, [2021-02-19T16:14:22.393514 #4] DEBUG -- : [50478c87-b595-494a-84ab-d52f73266bfc]   [1m[36mMotouke Load (1.2ms)[0m  [1m[34mSELECT  "motoukes".* FROM "motoukes" WHERE "motoukes"."id" = $1 LIMIT $2[0m  [["id", 16], ["LIMIT", 1]]
2021-02-19T07:14:22.396656+00:00 app[web.1]: D, [2021-02-19T16:14:22.396560 #4] DEBUG -- : [50478c87-b595-494a-84ab-d52f73266bfc]   [1m[36mEnduser Load (1.2ms)[0m  [1m[34mSELECT  "endusers".* FROM "endusers" WHERE "endusers"."id" = $1 LIMIT $2[0m  [["id", 446], ["LIMIT", 1]]
2021-02-19T07:14:22.400430+00:00 app[web.1]: D, [2021-02-19T16:14:22.400335 #4] DEBUG -- : [50478c87-b595-494a-84ab-d52f73266bfc]   [1m[36mMotouke Load (1.9ms)[0m  [1m[34mSELECT  "motoukes".* FROM "motoukes" WHERE "motoukes"."id" = $1 LIMIT $2[0m  [["id", 17], ["LIMIT", 1]]
2021-02-19T07:14:22.404392+00:00 app[web.1]: D, [2021-02-19T16:14:22.404285 #4] DEBUG -- : [50478c87-b595-494a-84ab-d52f73266bfc]   [1m[36mEnduser Load (1.2ms)[0m  [1m[34mSELECT  "endusers".* FROM "endusers" WHERE "endusers"."id" = $1 LIMIT $2[0m  [["id", 1202], ["LIMIT", 1]]
2021-02-19T07:14:22.405961+00:00 app[web.1]: D, [2021-02-19T16:14:22.405877 #4] DEBUG -- : [50478c87-b595-494a-84ab-d52f73266bfc]   [1m[36mCACHE Motouke Load (0.0ms)[0m  [1m[34mSELECT  "motoukes".* FROM "motoukes" WHERE "motoukes"."id" = $1 LIMIT $2[0m  [["id", 1], ["LIMIT", 1]]
2021-02-19T07:14:22.409571+00:00 app[web.1]: D, [2021-02-19T16:14:22.409440 #4] DEBUG -- : [50478c87-b595-494a-84ab-d52f73266bfc]   [1m[36mEnduser Load (1.3ms)[0m  [1m[34mSELECT  "endusers".* FROM "endusers" WHERE "endusers"."id" = $1 LIMIT $2[0m  [["id", 814], ["LIMIT", 1]]
2021-02-19T07:14:22.410756+00:00 app[web.1]: D, [2021-02-19T16:14:22.410671 #4] DEBUG -- : [50478c87-b595-494a-84ab-d52f73266bfc]   [1m[36mCACHE Motouke Load (0.0ms)[0m  [1m[34mSELECT  "motoukes".* FROM "motoukes" WHERE "motoukes"."id" = $1 LIMIT $2[0m  [["id", 1], ["LIMIT", 1]]
2021-02-19T07:14:22.414832+00:00 app[web.1]: D, [2021-02-19T16:14:22.414732 #4] DEBUG -- : [50478c87-b595-494a-84ab-d52f73266bfc]   [1m[36mEnduser Load (1.3ms)[0m  [1m[34mSELECT  "endusers".* FROM "endusers" WHERE "endusers"."id" = $1 LIMIT $2[0m  [["id", 1439], ["LIMIT", 1]]
2021-02-19T07:14:22.417808+00:00 app[web.1]: D, [2021-02-19T16:14:22.417714 #4] DEBUG -- : [50478c87-b595-494a-84ab-d52f73266bfc]   [1m[36mMotouke Load (1.3ms)[0m  [1m[34mSELECT  "motoukes".* FROM "motoukes" WHERE "motoukes"."id" = $1 LIMIT $2[0m  [["id", 10], ["LIMIT", 1]]
2021-02-19T07:14:22.420589+00:00 app[web.1]: D, [2021-02-19T16:14:22.420489 #4] DEBUG -- : [50478c87-b595-494a-84ab-d52f73266bfc]   [1m[36mEnduser Load (1.2ms)[0m  [1m[34mSELECT  "endusers".* FROM "endusers" WHERE "endusers"."id" = $1 LIMIT $2[0m  [["id", 1185], ["LIMIT", 1]]
2021-02-19T07:14:22.421676+00:00 app[web.1]: D, [2021-02-19T16:14:22.421607 #4] DEBUG -- : [50478c87-b595-494a-84ab-d52f73266bfc]   [1m[36mCACHE Motouke Load (0.0ms)[0m  [1m[34mSELECT  "motoukes".* FROM "motoukes" WHERE "motoukes"."id" = $1 LIMIT $2[0m  [["id", 1], ["LIMIT", 1]]
2021-02-19T07:14:22.424553+00:00 app[web.1]: D, [2021-02-19T16:14:22.424474 #4] DEBUG -- : [50478c87-b595-494a-84ab-d52f73266bfc]   [1m[36mEnduser Load (1.2ms)[0m  [1m[34mSELECT  "endusers".* FROM "endusers" WHERE "endusers"."id" = $1 LIMIT $2[0m  [["id", 1387], ["LIMIT", 1]]
2021-02-19T07:14:22.425582+00:00 app[web.1]: D, [2021-02-19T16:14:22.425520 #4] DEBUG -- : [50478c87-b595-494a-84ab-d52f73266bfc]   [1m[36mCACHE Motouke Load (0.0ms)[0m  [1m[34mSELECT  "motoukes".* FROM "motoukes" WHERE "motoukes"."id" = $1 LIMIT $2[0m  [["id", 1], ["LIMIT", 1]]
2021-02-19T07:14:22.428314+00:00 app[web.1]: D, [2021-02-19T16:14:22.428225 #4] DEBUG -- : [50478c87-b595-494a-84ab-d52f73266bfc]   [1m[36mEnduser Load (1.2ms)[0m  [1m[34mSELECT  "endusers".* FROM "endusers" WHERE "endusers"."id" = $1 LIMIT $2[0m  [["id", 765], ["LIMIT", 1]]
2021-02-19T07:14:22.430913+00:00 app[web.1]: D, [2021-02-19T16:14:22.430730 #4] DEBUG -- : [50478c87-b595-494a-84ab-d52f73266bfc]   [1m[36mMotouke Load (1.2ms)[0m  [1m[34mSELECT  "motoukes".* FROM "motoukes" WHERE "motoukes"."id" = $1 LIMIT $2[0m  [["id", 8], ["LIMIT", 1]]
2021-02-19T07:14:22.432369+00:00 app[web.1]: D, [2021-02-19T16:14:22.432258 #4] DEBUG -- : [50478c87-b595-494a-84ab-d52f73266bfc]   [1m[36mCACHE Enduser Load (0.0ms)[0m  [1m[34mSELECT  "endusers".* FROM "endusers" WHERE "endusers"."id" = $1 LIMIT $2[0m  [["id", 1202], ["LIMIT", 1]]
2021-02-19T07:14:22.433298+00:00 app[web.1]: D, [2021-02-19T16:14:22.433225 #4] DEBUG -- : [50478c87-b595-494a-84ab-d52f73266bfc]   [1m[36mCACHE Motouke Load (0.0ms)[0m  [1m[34mSELECT  "motoukes".* FROM "motoukes" WHERE "motoukes"."id" = $1 LIMIT $2[0m  [["id", 17], ["LIMIT", 1]]
2021-02-19T07:14:22.434888+00:00 app[web.1]: D, [2021-02-19T16:14:22.434819 #4] DEBUG -- : [50478c87-b595-494a-84ab-d52f73266bfc]   [1m[36mCACHE Enduser Load (0.0ms)[0m  [1m[34mSELECT  "endusers".* FROM "endusers" WHERE "endusers"."id" = $1 LIMIT $2[0m  [["id", 904], ["LIMIT", 1]]
2021-02-19T07:14:22.435793+00:00 app[web.1]: D, [2021-02-19T16:14:22.435729 #4] DEBUG -- : [50478c87-b595-494a-84ab-d52f73266bfc]   [1m[36mCACHE Motouke Load (0.0ms)[0m  [1m[34mSELECT  "motoukes".* FROM "motoukes" WHERE "motoukes"."id" = $1 LIMIT $2[0m  [["id", 16], ["LIMIT", 1]]
2021-02-19T07:14:22.438635+00:00 app[web.1]: D, [2021-02-19T16:14:22.438546 #4] DEBUG -- : [50478c87-b595-494a-84ab-d52f73266bfc]   [1m[36mEnduser Load (1.4ms)[0m  [1m[34mSELECT  "endusers".* FROM "endusers" WHERE "endusers"."id" = $1 LIMIT $2[0m  [["id", 866], ["LIMIT", 1]]
2021-02-19T07:14:22.439841+00:00 app[web.1]: D, [2021-02-19T16:14:22.439753 #4] DEBUG -- : [50478c87-b595-494a-84ab-d52f73266bfc]   [1m[36mCACHE Motouke Load (0.0ms)[0m  [1m[34mSELECT  "motoukes".* FROM "motoukes" WHERE "motoukes"."id" = $1 LIMIT $2[0m  [["id", 1], ["LIMIT", 1]]
2021-02-19T07:14:22.443672+00:00 app[web.1]: D, [2021-02-19T16:14:22.443584 #4] DEBUG -- : [50478c87-b595-494a-84ab-d52f73266bfc]   [1m[36mEnduser Load (1.3ms)[0m  [1m[34mSELECT  "endusers".* FROM "endusers" WHERE "endusers"."id" = $1 LIMIT $2[0m  [["id", 1799], ["LIMIT", 1]]
2021-02-19T07:14:22.444826+00:00 app[web.1]: D, [2021-02-19T16:14:22.444747 #4] DEBUG -- : [50478c87-b595-494a-84ab-d52f73266bfc]   [1m[36mCACHE Motouke Load (0.0ms)[0m  [1m[34mSELECT  "motoukes".* FROM "motoukes" WHERE "motoukes"."id" = $1 LIMIT $2[0m  [["id", 1], ["LIMIT", 1]]
2021-02-19T07:14:22.448595+00:00 app[web.1]: D, [2021-02-19T16:14:22.448509 #4] DEBUG -- : [50478c87-b595-494a-84ab-d52f73266bfc]   [1m[36mCACHE Enduser Load (0.0ms)[0m  [1m[34mSELECT  "endusers".* FROM "endusers" WHERE "endusers"."id" = $1 LIMIT $2[0m  [["id", 1185], ["LIMIT", 1]]
2021-02-19T07:14:22.453223+00:00 app[web.1]: D, [2021-02-19T16:14:22.453120 #4] DEBUG -- : [50478c87-b595-494a-84ab-d52f73266bfc]   [1m[36mCACHE Motouke Load (0.0ms)[0m  [1m[34mSELECT  "motoukes".* FROM "motoukes" WHERE "motoukes"."id" = $1 LIMIT $2[0m  [["id", 1], ["LIMIT", 1]]
2021-02-19T07:14:22.456268+00:00 app[web.1]: D, [2021-02-19T16:14:22.456171 #4] DEBUG -- : [50478c87-b595-494a-84ab-d52f73266bfc]   [1m[36mEnduser Load (1.2ms)[0m  [1m[34mSELECT  "endusers".* FROM "endusers" WHERE "endusers"."id" = $1 LIMIT $2[0m  [["id", 1391], ["LIMIT", 1]]
2021-02-19T07:14:22.457518+00:00 app[web.1]: D, [2021-02-19T16:14:22.457447 #4] DEBUG -- : [50478c87-b595-494a-84ab-d52f73266bfc]   [1m[36mCACHE Motouke Load (0.0ms)[0m  [1m[34mSELECT  "motoukes".* FROM "motoukes" WHERE "motoukes"."id" = $1 LIMIT $2[0m  [["id", 1], ["LIMIT", 1]]
2021-02-19T07:14:22.460586+00:00 app[web.1]: D, [2021-02-19T16:14:22.460489 #4] DEBUG -- : [50478c87-b595-494a-84ab-d52f73266bfc]   [1m[36mEnduser Load (1.3ms)[0m  [1m[34mSELECT  "endusers".* FROM "endusers" WHERE "endusers"."id" = $1 LIMIT $2[0m  [["id", 1301], ["LIMIT", 1]]
2021-02-19T07:14:22.461351+00:00 app[web.1]: D, [2021-02-19T16:14:22.461280 #4] DEBUG -- : [50478c87-b595-494a-84ab-d52f73266bfc]   [1m[36mCACHE Motouke Load (0.0ms)[0m  [1m[34mSELECT  "motoukes".* FROM "motoukes" WHERE "motoukes"."id" = $1 LIMIT $2[0m  [["id", 1], ["LIMIT", 1]]
2021-02-19T07:14:22.465973+00:00 app[web.1]: D, [2021-02-19T16:14:22.465866 #4] DEBUG -- : [50478c87-b595-494a-84ab-d52f73266bfc]   [1m[36mEnduser Load (3.1ms)[0m  [1m[34mSELECT  "endusers".* FROM "endusers" WHERE "endusers"."id" = $1 LIMIT $2[0m  [["id", 946], ["LIMIT", 1]]
2021-02-19T07:14:22.467291+00:00 app[web.1]: D, [2021-02-19T16:14:22.467219 #4] DEBUG -- : [50478c87-b595-494a-84ab-d52f73266bfc]   [1m[36mCACHE Motouke Load (0.0ms)[0m  [1m[34mSELECT  "motoukes".* FROM "motoukes" WHERE "motoukes"."id" = $1 LIMIT $2[0m  [["id", 1], ["LIMIT", 1]]
2021-02-19T07:14:22.468127+00:00 app[web.1]: I, [2021-02-19T16:14:22.468024 #4]  INFO -- : [50478c87-b595-494a-84ab-d52f73266bfc]   Rendered tasks/index.html.slim within layouts/application (338.8ms)
2021-02-19T07:14:22.469924+00:00 app[web.1]: I, [2021-02-19T16:14:22.469851 #4]  INFO -- : [50478c87-b595-494a-84ab-d52f73266bfc] Completed 200 OK in 348ms (Views: 275.2ms | ActiveRecord: 67.2ms)
2021-02-19T07:14:22.482594+00:00 heroku[router]: at=info method=GET path="/tasks" host=nsk-syougai-info.herokuapp.com request_id=50478c87-b595-494a-84ab-d52f73266bfc fwd="180.147.161.148" dyno=web.1 connect=1ms service=363ms status=200 bytes=93286 protocol=https
2021-02-19T07:14:22.849422+00:00 heroku[router]: at=info method=GET path="/assets/application-648a5924ec9021a949d6a5b9f24edd69a481d85e6f4a89f63365b671436fa330.css" host=nsk-syougai-info.herokuapp.com request_id=aff0eb03-f970-4e8f-83a7-d027e3f9a7b9 fwd="180.147.161.148" dyno=web.1 connect=1ms service=2ms status=304 bytes=48 protocol=https
2021-02-19T07:14:23.044143+00:00 heroku[router]: at=info method=GET path="/assets/application-e5a578e1bc1855bac25ebe6cbebe4e070f15a3a7c70a621cc49ff842d0257da4.js" host=nsk-syougai-info.herokuapp.com request_id=d0a95c8b-ff79-4bd9-9e63-aefef6efc52d fwd="180.147.161.148" dyno=web.1 connect=1ms service=1ms status=304 bytes=48 protocol=https
2021-02-19T07:14:23.356976+00:00 heroku[router]: at=info method=GET path="/assets/font-awesome/fa-solid-900-787d76ad6deab67ccf8bac1b584260205e114f508fc5542b612e3f75d49a34e4.woff2" host=nsk-syougai-info.herokuapp.com request_id=e24127ba-e4da-4d03-ad44-8deb19469c34 fwd="180.147.161.148" dyno=web.1 connect=1ms service=8ms status=304 bytes=48 protocol=https
2021-02-19T07:14:23.361731+00:00 heroku[router]: at=info method=GET path="/assets/font-awesome/fa-regular-400-86e496b536b26ba60cdb68df9dd9143b19a63b65e30e373b0321833aab1295d6.woff2" host=nsk-syougai-info.herokuapp.com request_id=0fe37b21-6c82-4cc3-ba2b-c76a3aa59f5c fwd="180.147.161.148" dyno=web.1 connect=1ms service=2ms status=304 bytes=48 protocol=https
2021-02-19T07:14:28.347377+00:00 app[web.1]: I, [2021-02-19T16:14:28.347251 #4]  INFO -- : [4e72b0fc-daf3-4d11-9d73-4f777f604ae1] Started GET "/tasks/graph2" for 180.147.161.148 at 2021-02-19 16:14:28 +0900
2021-02-19T07:14:28.348200+00:00 app[web.1]: I, [2021-02-19T16:14:28.348134 #4]  INFO -- : [4e72b0fc-daf3-4d11-9d73-4f777f604ae1] Processing by TasksController#graph2 as HTML
2021-02-19T07:14:28.351436+00:00 app[web.1]: D, [2021-02-19T16:14:28.351362 #4] DEBUG -- : [4e72b0fc-daf3-4d11-9d73-4f777f604ae1]   [1m[36mUser Load (1.1ms)[0m  [1m[34mSELECT  "users".* FROM "users" WHERE "users"."id" = $1 LIMIT $2[0m  [["id", 3], ["LIMIT", 1]]
2021-02-19T07:14:28.354399+00:00 app[web.1]: D, [2021-02-19T16:14:28.354326 #4] DEBUG -- : [4e72b0fc-daf3-4d11-9d73-4f777f604ae1]   [1m[35m (2.5ms)[0m  [1m[34mSelect en.enduser_nm As enduser_nm_gr, Count(en.enduser_nm) As enduser_nm_cn From tasks As ta Left Join endusers As en On ta.enduser_id = en.id Where (en.enduser_nm is not null) Group by enduser_nm_gr Order by enduser_nm_cn DESC[0m
2021-02-19T07:14:28.354995+00:00 app[web.1]: I, [2021-02-19T16:14:28.354934 #4]  INFO -- : [4e72b0fc-daf3-4d11-9d73-4f777f604ae1]   Rendering tasks/graph2.html.slim within layouts/application
2021-02-19T07:14:28.356087+00:00 app[web.1]: I, [2021-02-19T16:14:28.356022 #4]  INFO -- : [4e72b0fc-daf3-4d11-9d73-4f777f604ae1]   Rendered tasks/graph2.html.slim within layouts/application (1.0ms)
2021-02-19T07:14:28.357246+00:00 app[web.1]: I, [2021-02-19T16:14:28.357183 #4]  INFO -- : [4e72b0fc-daf3-4d11-9d73-4f777f604ae1] Completed 200 OK in 9ms (Views: 2.4ms | ActiveRecord: 3.6ms)
2021-02-19T07:14:28.359134+00:00 heroku[router]: at=info method=GET path="/tasks/graph2" host=nsk-syougai-info.herokuapp.com request_id=4e72b0fc-daf3-4d11-9d73-4f777f604ae1 fwd="180.147.161.148" dyno=web.1 connect=1ms service=13ms status=200 bytes=4503 protocol=https
